<?xml version="1.0" encoding="UTF-8"?>
<testng-results skipped="0" failed="0" total="1" passed="1">
  <reporter-output>
  </reporter-output>
  <suite name="Default suite" duration-ms="14715" started-at="2019-07-10T05:56:32Z" finished-at="2019-07-10T05:56:46Z">
    <groups>
    </groups>
    <test name="Default test" duration-ms="14715" started-at="2019-07-10T05:56:32Z" finished-at="2019-07-10T05:56:46Z">
      <class name="testcases.AdvancedTimeFilter">
        <test-method status="PASS" signature="setup()[pri:0, instance:testcases.AdvancedTimeFilter@2e377400]" name="setup" is-config="true" duration-ms="9311" started-at="2019-07-10T11:26:22Z" finished-at="2019-07-10T11:26:32Z">
          <reporter-output>
          </reporter-output>
        </test-method> <!-- setup -->
        <test-method status="PASS" signature="AdvancedTime()[pri:0, instance:testcases.AdvancedTimeFilter@2e377400]" name="AdvancedTime" duration-ms="14692" started-at="2019-07-10T11:26:32Z" finished-at="2019-07-10T11:26:46Z">
          <reporter-output>
          </reporter-output>
        </test-method> <!-- AdvancedTime -->
        <test-method status="PASS" signature="close()[pri:0, instance:testcases.AdvancedTimeFilter@2e377400]" name="close" is-config="true" duration-ms="0" started-at="2019-07-10T11:26:46Z" finished-at="2019-07-10T11:26:46Z">
          <reporter-output>
          </reporter-output>
        </test-method> <!-- close -->
      </class> <!-- testcases.AdvancedTimeFilter -->
    </test> <!-- Default test -->
  </suite> <!-- Default suite -->
</testng-results>
